
01/05/2023 07:34:48 PM Программа запущена
01/05/2023 07:34:50 PM Нажата клавиша - 1
01/05/2023 07:34:50 PM Просмотрена телефонная книга
01/05/2023 07:34:50 PM Программа выполнена
01/05/2023 07:35:03 PM Программа запущена
01/05/2023 07:35:06 PM Нажата клавиша - 2
01/05/2023 07:35:22 PM Добавлен абонент: Пупкин Николай 9034567387
01/05/2023 07:35:22 PM Программа выполнена

01/05/2023 07:37:50 PM Программа запущена
01/05/2023 07:37:55 PM Нажата клавиша - 3
01/05/2023 07:38:01 PM Пользователь сделал запрос на удаление: Смирнова
01/05/2023 07:38:01 PM Удален абонент: Смирнова Ирина 9036578746
01/05/2023 07:38:01 PM Программа выполнена
01/05/2023 07:38:26 PM Программа запущена
01/05/2023 07:38:32 PM Нажата клавиша - 4
01/05/2023 07:38:39 PM Пользователь сделал запрос на редактирование: Пупкин
01/05/2023 07:39:30 PM Данные абонента: Пупкин Николай 9034567387 заменены на: Пупкин Василий 9034569999
01/05/2023 07:39:30 PM Программа выполнена
01/05/2023 07:39:47 PM Программа запущена
01/05/2023 07:39:57 PM Нажата клавиша - 5
01/05/2023 07:40:03 PM Выполнен поиск абонента: Иванов   Сергей
01/05/2023 07:40:03 PM Программа выполнена
01/05/2023 07:40:10 PM Программа запущена
01/05/2023 07:40:14 PM Нажата клавиша - 6
01/05/2023 07:40:14 PM Телефонная книга экспортированна в csv файл
01/05/2023 07:40:14 PM Программа выполнена
01/05/2023 07:46:40 PM Программа запущена
01/05/2023 07:46:45 PM Нажата клавиша - 5
01/05/2023 07:46:53 PM Выполнен поиск абонента: Петров   Иван
01/05/2023 07:46:53 PM Программа выполнена

01/06/2023 10:34:38 PM Программа запущена
01/06/2023 10:34:41 PM Нажата клавиша - 1
01/06/2023 10:34:41 PM Просмотрена телефонная книга
01/06/2023 10:34:41 PM Программа выполнена

